<?xml version="1.0" encoding="UTF-8"?>
<!-- Generated by org.testng.reporters.JUnitReportReporter -->
<testsuite hostname="DESKTOP-BFMJ2UG" failures="0" tests="1" name="com.Bdt.qa.Testcases.CoursepageTest" time="10.976" errors="0" timestamp="2024-04-04T16:27:52 IST" skipped="0">
  <testcase classname="com.Bdt.qa.Testcases.CoursepageTest" name="validate_complete_Csharp_and_Windows_Programingpage_Title" time="10.976"/>
</testsuite> <!-- com.Bdt.qa.Testcases.CoursepageTest -->
