<?xml version="1.0" encoding="UTF-8"?>
<!-- Generated by org.testng.reporters.JUnitReportReporter -->
<testsuite hostname="DESKTOP-BFMJ2UG" failures="0" tests="1" name="com.Bdt.qa.Testcases.CoursesUsingDataProviders" time="10.963" errors="0" timestamp="2024-07-23T14:30:46 IST" skipped="0">
  <testcase classname="com.Bdt.qa.Testcases.CoursesUsingDataProviders" name="validateCourses" time="10.963"/>
</testsuite> <!-- com.Bdt.qa.Testcases.CoursesUsingDataProviders -->
