<?xml version="1.0" encoding="UTF-8"?>
<!-- Generated by org.testng.reporters.JUnitReportReporter -->
<testsuite hostname="VAISHU-OIMAY" failures="0" tests="8" name="com.Bdt.qa.Testcases.HomepageTestcases" time="47.676" errors="0" timestamp="2023-12-19T17:09:04 IST" skipped="0">
  <testcase classname="com.Bdt.qa.Testcases.HomepageTestcases" name="vaildateTitleofNewBatchespage" time="4.515"/>
  <testcase classname="com.Bdt.qa.Testcases.HomepageTestcases" name="validateTitleofPackagespage" time="3.572"/>
  <testcase classname="com.Bdt.qa.Testcases.HomepageTestcases" name="validateTitleOfCoursespage" time="3.681"/>
  <testcase classname="com.Bdt.qa.Testcases.HomepageTestcases" name="validateTitleofEnrollnowPage" time="4.180"/>
  <testcase classname="com.Bdt.qa.Testcases.HomepageTestcases" name="validateTitleOfVideospage" time="15.613"/>
  <testcase classname="com.Bdt.qa.Testcases.HomepageTestcases" name="validateTitleofTestimonialspage" time="4.582"/>
  <testcase classname="com.Bdt.qa.Testcases.HomepageTestcases" name="validateTitleOfAzurecertificationPage" time="7.617"/>
  <testcase classname="com.Bdt.qa.Testcases.HomepageTestcases" name="validateTitleofContactuspage" time="3.916"/>
</testsuite> <!-- com.Bdt.qa.Testcases.HomepageTestcases -->
