<?xml version="1.0" encoding="UTF-8"?>
<!-- Generated by org.testng.reporters.JUnitReportReporter -->
<testsuite hostname="VAISHU-OIMAY" failures="0" tests="10" name="com.Bdt.qa.Testcases.PackagepageTest" time="88.296" errors="0" timestamp="2023-12-23T11:33:50 IST" skipped="0">
  <testcase classname="com.Bdt.qa.Testcases.PackagepageTest" name="validateGoldMemberspageTitle" time="10.119"/>
  <testcase classname="com.Bdt.qa.Testcases.PackagepageTest" name="validateMsAzureSuiteAndSuitepluspageTitle" time="10.694"/>
  <testcase classname="com.Bdt.qa.Testcases.PackagepageTest" name="validateAzureDevopsExpertpageTitle" time="6.780"/>
  <testcase classname="com.Bdt.qa.Testcases.PackagepageTest" name="validateDotNetDevelopersExpertpageTitle" time="8.358"/>
  <testcase classname="com.Bdt.qa.Testcases.PackagepageTest" name="validatePowerplatformAcademypageTitle" time="9.035"/>
  <testcase classname="com.Bdt.qa.Testcases.PackagepageTest" name="validateMsDotNetFoundationForBeginnerspageTitle" time="9.830"/>
  <testcase classname="com.Bdt.qa.Testcases.PackagepageTest" name="validateMsDotNetFullStackDeveloperpageTitle" time="9.086"/>
  <testcase classname="com.Bdt.qa.Testcases.PackagepageTest" name="validateUIorWebDevelopmentpageTitle" time="9.850"/>
  <testcase classname="com.Bdt.qa.Testcases.PackagepageTest" name="validateSQLServerandMSBIToolspageTitle" time="6.921"/>
  <testcase classname="com.Bdt.qa.Testcases.PackagepageTest" name="validateSoftwareTestingpageTitle" time="7.623"/>
</testsuite> <!-- com.Bdt.qa.Testcases.PackagepageTest -->
