<?xml version="1.0" encoding="UTF-8"?>
<!-- Generated by org.testng.reporters.JUnitReportReporter -->
<testsuite hostname="VAISHU-OIMAY" failures="0" tests="4" name="com.Bdt.qa.Testcases.EnrollNowpageTest" time="37.181" errors="0" timestamp="2024-01-04T10:52:25 IST" skipped="0">
  <testcase classname="com.Bdt.qa.Testcases.EnrollNowpageTest" name="validateSelectToggleButton" time="4.529"/>
  <testcase classname="com.Bdt.qa.Testcases.EnrollNowpageTest" name="verifySelectCourses" time="14.069"/>
  <testcase classname="com.Bdt.qa.Testcases.EnrollNowpageTest" name="verifyEnrollButtonForSelectedCourse" time="10.283"/>
  <testcase classname="com.Bdt.qa.Testcases.EnrollNowpageTest" name="verifyCourseDetailsButtonForSelectedCourse" time="8.300"/>
</testsuite> <!-- com.Bdt.qa.Testcases.EnrollNowpageTest -->
