<?xml version="1.0" encoding="UTF-8"?>
<!-- Generated by org.testng.reporters.JUnitReportReporter -->
<testsuite hostname="VAISHU-OIMAY" failures="0" tests="4" name="com.Bdt.qa.Testcases.LoginTestcase" time="15.230" errors="0" timestamp="2023-12-19T17:09:04 IST" skipped="0">
  <testcase classname="com.Bdt.qa.Testcases.LoginTestcase" name="verifyLoginWithValidCredentials" time="3.694"/>
  <testcase classname="com.Bdt.qa.Testcases.LoginTestcase" name="verifyLoginwithInvalidEmailandValidPassword" time="4.642"/>
  <testcase classname="com.Bdt.qa.Testcases.LoginTestcase" name="verifyLoginwithValidEmailandInvalidPassword" time="3.434"/>
  <testcase classname="com.Bdt.qa.Testcases.LoginTestcase" name="verifyLoginWithInvalidEmailandPassword" time="3.460"/>
</testsuite> <!-- com.Bdt.qa.Testcases.LoginTestcase -->
